[2024-04-23T06:56:53.053+0000] {local_task_job_runner.py:120} INFO - ::group::Pre task execution logs
[2024-04-23T06:56:53.076+0000] {taskinstance.py:2073} INFO - Dependencies all met for dep_context=non-requeueable deps ti=<TaskInstance: HauVT12_DAG_01.sleep scheduled__2022-07-29T00:00:00+00:00 [queued]>
[2024-04-23T06:56:53.084+0000] {taskinstance.py:2073} INFO - Dependencies all met for dep_context=requeueable deps ti=<TaskInstance: HauVT12_DAG_01.sleep scheduled__2022-07-29T00:00:00+00:00 [queued]>
[2024-04-23T06:56:53.084+0000] {taskinstance.py:2303} INFO - Starting attempt 1 of 4
[2024-04-23T06:56:53.185+0000] {taskinstance.py:2327} INFO - Executing <Task(BashOperator): sleep> on 2022-07-29 00:00:00+00:00
[2024-04-23T06:56:53.189+0000] {standard_task_runner.py:63} INFO - Started process 3492 to run task
[2024-04-23T06:56:53.190+0000] {standard_task_runner.py:90} INFO - Running: ['airflow', 'tasks', 'run', 'HauVT12_DAG_01', 'sleep', 'scheduled__2022-07-29T00:00:00+00:00', '--job-id', '51', '--raw', '--subdir', 'DAGS_FOLDER/simple_dag.py', '--cfg-path', '/tmp/tmpzil7i4y2']
[2024-04-23T06:56:53.191+0000] {standard_task_runner.py:91} INFO - Job 51: Subtask sleep
[2024-04-23T06:56:53.229+0000] {task_command.py:426} INFO - Running <TaskInstance: HauVT12_DAG_01.sleep scheduled__2022-07-29T00:00:00+00:00 [running]> on host 5b67617f63bb
[2024-04-23T06:56:53.298+0000] {taskinstance.py:2644} INFO - Exporting env vars: AIRFLOW_CTX_DAG_EMAIL='thanhhau217@gmail.com' AIRFLOW_CTX_DAG_OWNER='airflow' AIRFLOW_CTX_DAG_ID='HauVT12_DAG_01' AIRFLOW_CTX_TASK_ID='sleep' AIRFLOW_CTX_EXECUTION_DATE='2022-07-29T00:00:00+00:00' AIRFLOW_CTX_TRY_NUMBER='1' AIRFLOW_CTX_DAG_RUN_ID='scheduled__2022-07-29T00:00:00+00:00'
[2024-04-23T06:56:53.299+0000] {taskinstance.py:430} INFO - ::endgroup::
[2024-04-23T06:56:53.310+0000] {subprocess.py:63} INFO - Tmp dir root location: /tmp
[2024-04-23T06:56:53.311+0000] {subprocess.py:75} INFO - Running command: ['/usr/bin/bash', '-c', 'sleep 5']
[2024-04-23T06:56:53.317+0000] {subprocess.py:86} INFO - Output:
[2024-04-23T06:56:58.320+0000] {subprocess.py:97} INFO - Command exited with return code 0
[2024-04-23T06:56:58.323+0000] {taskinstance.py:441} INFO - ::group::Post task execution logs
[2024-04-23T06:56:58.354+0000] {taskinstance.py:1205} INFO - Marking task as SUCCESS. dag_id=HauVT12_DAG_01, task_id=sleep, execution_date=20220729T000000, start_date=20240423T065653, end_date=20240423T065658
[2024-04-23T06:56:58.400+0000] {local_task_job_runner.py:240} INFO - Task exited with return code 0
[2024-04-23T06:56:58.423+0000] {taskinstance.py:3482} INFO - 1 downstream tasks scheduled from follow-on schedule check
[2024-04-23T06:56:58.430+0000] {local_task_job_runner.py:222} INFO - ::endgroup::
