[2024-04-23T06:55:27.860+0000] {local_task_job_runner.py:120} INFO - ::group::Pre task execution logs
[2024-04-23T06:55:27.883+0000] {taskinstance.py:2073} INFO - Dependencies all met for dep_context=non-requeueable deps ti=<TaskInstance: HauVT12_DAG_01.print_date scheduled__2022-07-30T00:00:00+00:00 [queued]>
[2024-04-23T06:55:27.891+0000] {taskinstance.py:2073} INFO - Dependencies all met for dep_context=requeueable deps ti=<TaskInstance: HauVT12_DAG_01.print_date scheduled__2022-07-30T00:00:00+00:00 [queued]>
[2024-04-23T06:55:27.891+0000] {taskinstance.py:2303} INFO - Starting attempt 2 of 2
[2024-04-23T06:55:27.997+0000] {taskinstance.py:2327} INFO - Executing <Task(BashOperator): print_date> on 2022-07-30 00:00:00+00:00
[2024-04-23T06:55:28.001+0000] {standard_task_runner.py:63} INFO - Started process 3214 to run task
[2024-04-23T06:55:28.003+0000] {standard_task_runner.py:90} INFO - Running: ['airflow', 'tasks', 'run', 'HauVT12_DAG_01', 'print_date', 'scheduled__2022-07-30T00:00:00+00:00', '--job-id', '36', '--raw', '--subdir', 'DAGS_FOLDER/simple_dag.py', '--cfg-path', '/tmp/tmp8aqg8s5l']
[2024-04-23T06:55:28.004+0000] {standard_task_runner.py:91} INFO - Job 36: Subtask print_date
[2024-04-23T06:55:28.046+0000] {task_command.py:426} INFO - Running <TaskInstance: HauVT12_DAG_01.print_date scheduled__2022-07-30T00:00:00+00:00 [running]> on host 5b67617f63bb
[2024-04-23T06:55:28.120+0000] {taskinstance.py:2644} INFO - Exporting env vars: AIRFLOW_CTX_DAG_EMAIL='thanhhau217@gmail.com' AIRFLOW_CTX_DAG_OWNER='airflow' AIRFLOW_CTX_DAG_ID='HauVT12_DAG_01' AIRFLOW_CTX_TASK_ID='print_date' AIRFLOW_CTX_EXECUTION_DATE='2022-07-30T00:00:00+00:00' AIRFLOW_CTX_TRY_NUMBER='2' AIRFLOW_CTX_DAG_RUN_ID='scheduled__2022-07-30T00:00:00+00:00'
[2024-04-23T06:55:28.120+0000] {taskinstance.py:430} INFO - ::endgroup::
[2024-04-23T06:55:28.132+0000] {subprocess.py:63} INFO - Tmp dir root location: /tmp
[2024-04-23T06:55:28.133+0000] {subprocess.py:75} INFO - Running command: ['/usr/bin/bash', '-c', 'date > /tmp/date.txt']
[2024-04-23T06:55:28.139+0000] {subprocess.py:86} INFO - Output:
[2024-04-23T06:55:28.142+0000] {subprocess.py:97} INFO - Command exited with return code 0
[2024-04-23T06:55:28.142+0000] {taskinstance.py:441} INFO - ::group::Post task execution logs
[2024-04-23T06:55:28.167+0000] {taskinstance.py:1205} INFO - Marking task as SUCCESS. dag_id=HauVT12_DAG_01, task_id=print_date, execution_date=20220730T000000, start_date=20240423T065527, end_date=20240423T065528
[2024-04-23T06:55:28.216+0000] {local_task_job_runner.py:240} INFO - Task exited with return code 0
[2024-04-23T06:55:28.239+0000] {taskinstance.py:3482} INFO - 1 downstream tasks scheduled from follow-on schedule check
[2024-04-23T06:55:28.245+0000] {local_task_job_runner.py:222} INFO - ::endgroup::
