[2024-04-23T06:58:20.036+0000] {local_task_job_runner.py:120} INFO - ::group::Pre task execution logs
[2024-04-23T06:58:20.059+0000] {taskinstance.py:2073} INFO - Dependencies all met for dep_context=non-requeueable deps ti=<TaskInstance: HauVT12_DAG_01.echo scheduled__2022-07-29T00:00:00+00:00 [queued]>
[2024-04-23T06:58:20.067+0000] {taskinstance.py:2073} INFO - Dependencies all met for dep_context=requeueable deps ti=<TaskInstance: HauVT12_DAG_01.echo scheduled__2022-07-29T00:00:00+00:00 [queued]>
[2024-04-23T06:58:20.068+0000] {taskinstance.py:2303} INFO - Starting attempt 1 of 2
[2024-04-23T06:58:20.165+0000] {taskinstance.py:2327} INFO - Executing <Task(BashOperator): echo> on 2022-07-29 00:00:00+00:00
[2024-04-23T06:58:20.168+0000] {standard_task_runner.py:63} INFO - Started process 3782 to run task
[2024-04-23T06:58:20.170+0000] {standard_task_runner.py:90} INFO - Running: ['airflow', 'tasks', 'run', 'HauVT12_DAG_01', 'echo', 'scheduled__2022-07-29T00:00:00+00:00', '--job-id', '67', '--raw', '--subdir', 'DAGS_FOLDER/simple_dag.py', '--cfg-path', '/tmp/tmp7_0qfdu9']
[2024-04-23T06:58:20.170+0000] {standard_task_runner.py:91} INFO - Job 67: Subtask echo
[2024-04-23T06:58:20.209+0000] {task_command.py:426} INFO - Running <TaskInstance: HauVT12_DAG_01.echo scheduled__2022-07-29T00:00:00+00:00 [running]> on host 5b67617f63bb
[2024-04-23T06:58:20.277+0000] {taskinstance.py:2644} INFO - Exporting env vars: AIRFLOW_CTX_DAG_EMAIL='thanhhau217@gmail.com' AIRFLOW_CTX_DAG_OWNER='airflow' AIRFLOW_CTX_DAG_ID='HauVT12_DAG_01' AIRFLOW_CTX_TASK_ID='echo' AIRFLOW_CTX_EXECUTION_DATE='2022-07-29T00:00:00+00:00' AIRFLOW_CTX_TRY_NUMBER='1' AIRFLOW_CTX_DAG_RUN_ID='scheduled__2022-07-29T00:00:00+00:00'
[2024-04-23T06:58:20.278+0000] {taskinstance.py:430} INFO - ::endgroup::
[2024-04-23T06:58:20.289+0000] {subprocess.py:63} INFO - Tmp dir root location: /tmp
[2024-04-23T06:58:20.290+0000] {subprocess.py:75} INFO - Running command: ['/usr/bin/bash', '-c', 'echo task 3 running']
[2024-04-23T06:58:20.301+0000] {subprocess.py:86} INFO - Output:
[2024-04-23T06:58:20.302+0000] {subprocess.py:93} INFO - task 3 running
[2024-04-23T06:58:20.303+0000] {subprocess.py:97} INFO - Command exited with return code 0
[2024-04-23T06:58:20.303+0000] {taskinstance.py:441} INFO - ::group::Post task execution logs
[2024-04-23T06:58:20.326+0000] {taskinstance.py:1205} INFO - Marking task as SUCCESS. dag_id=HauVT12_DAG_01, task_id=echo, execution_date=20220729T000000, start_date=20240423T065820, end_date=20240423T065820
[2024-04-23T06:58:20.383+0000] {local_task_job_runner.py:240} INFO - Task exited with return code 0
[2024-04-23T06:58:20.398+0000] {taskinstance.py:3482} INFO - 0 downstream tasks scheduled from follow-on schedule check
[2024-04-23T06:58:20.399+0000] {local_task_job_runner.py:222} INFO - ::endgroup::
