[2024-04-23T06:56:37.166+0000] {local_task_job_runner.py:120} INFO - ::group::Pre task execution logs
[2024-04-23T06:56:37.189+0000] {taskinstance.py:2073} INFO - Dependencies all met for dep_context=non-requeueable deps ti=<TaskInstance: HauVT12_DAG_01.sleep scheduled__2022-07-27T00:00:00+00:00 [queued]>
[2024-04-23T06:56:37.197+0000] {taskinstance.py:2073} INFO - Dependencies all met for dep_context=requeueable deps ti=<TaskInstance: HauVT12_DAG_01.sleep scheduled__2022-07-27T00:00:00+00:00 [queued]>
[2024-04-23T06:56:37.198+0000] {taskinstance.py:2303} INFO - Starting attempt 1 of 4
[2024-04-23T06:56:37.309+0000] {taskinstance.py:2327} INFO - Executing <Task(BashOperator): sleep> on 2022-07-27 00:00:00+00:00
[2024-04-23T06:56:37.313+0000] {standard_task_runner.py:63} INFO - Started process 3456 to run task
[2024-04-23T06:56:37.314+0000] {standard_task_runner.py:90} INFO - Running: ['airflow', 'tasks', 'run', 'HauVT12_DAG_01', 'sleep', 'scheduled__2022-07-27T00:00:00+00:00', '--job-id', '49', '--raw', '--subdir', 'DAGS_FOLDER/simple_dag.py', '--cfg-path', '/tmp/tmp8lwxhxsg']
[2024-04-23T06:56:37.315+0000] {standard_task_runner.py:91} INFO - Job 49: Subtask sleep
[2024-04-23T06:56:37.355+0000] {task_command.py:426} INFO - Running <TaskInstance: HauVT12_DAG_01.sleep scheduled__2022-07-27T00:00:00+00:00 [running]> on host 5b67617f63bb
[2024-04-23T06:56:37.425+0000] {taskinstance.py:2644} INFO - Exporting env vars: AIRFLOW_CTX_DAG_EMAIL='thanhhau217@gmail.com' AIRFLOW_CTX_DAG_OWNER='airflow' AIRFLOW_CTX_DAG_ID='HauVT12_DAG_01' AIRFLOW_CTX_TASK_ID='sleep' AIRFLOW_CTX_EXECUTION_DATE='2022-07-27T00:00:00+00:00' AIRFLOW_CTX_TRY_NUMBER='1' AIRFLOW_CTX_DAG_RUN_ID='scheduled__2022-07-27T00:00:00+00:00'
[2024-04-23T06:56:37.425+0000] {taskinstance.py:430} INFO - ::endgroup::
[2024-04-23T06:56:37.438+0000] {subprocess.py:63} INFO - Tmp dir root location: /tmp
[2024-04-23T06:56:37.439+0000] {subprocess.py:75} INFO - Running command: ['/usr/bin/bash', '-c', 'sleep 5']
[2024-04-23T06:56:37.445+0000] {subprocess.py:86} INFO - Output:
[2024-04-23T06:56:42.447+0000] {subprocess.py:97} INFO - Command exited with return code 0
[2024-04-23T06:56:42.448+0000] {taskinstance.py:441} INFO - ::group::Post task execution logs
[2024-04-23T06:56:42.472+0000] {taskinstance.py:1205} INFO - Marking task as SUCCESS. dag_id=HauVT12_DAG_01, task_id=sleep, execution_date=20220727T000000, start_date=20240423T065637, end_date=20240423T065642
[2024-04-23T06:56:42.505+0000] {local_task_job_runner.py:240} INFO - Task exited with return code 0
[2024-04-23T06:56:42.522+0000] {taskinstance.py:3482} INFO - 1 downstream tasks scheduled from follow-on schedule check
[2024-04-23T06:56:42.528+0000] {local_task_job_runner.py:222} INFO - ::endgroup::
