[2024-04-23T06:58:31.513+0000] {local_task_job_runner.py:120} INFO - ::group::Pre task execution logs
[2024-04-23T06:58:31.536+0000] {taskinstance.py:2073} INFO - Dependencies all met for dep_context=non-requeueable deps ti=<TaskInstance: HauVT12_DAG_01.echo scheduled__2022-08-02T00:00:00+00:00 [queued]>
[2024-04-23T06:58:31.544+0000] {taskinstance.py:2073} INFO - Dependencies all met for dep_context=requeueable deps ti=<TaskInstance: HauVT12_DAG_01.echo scheduled__2022-08-02T00:00:00+00:00 [queued]>
[2024-04-23T06:58:31.544+0000] {taskinstance.py:2303} INFO - Starting attempt 1 of 2
[2024-04-23T06:58:31.642+0000] {taskinstance.py:2327} INFO - Executing <Task(BashOperator): echo> on 2022-08-02 00:00:00+00:00
[2024-04-23T06:58:31.645+0000] {standard_task_runner.py:63} INFO - Started process 3854 to run task
[2024-04-23T06:58:31.646+0000] {standard_task_runner.py:90} INFO - Running: ['airflow', 'tasks', 'run', 'HauVT12_DAG_01', 'echo', 'scheduled__2022-08-02T00:00:00+00:00', '--job-id', '71', '--raw', '--subdir', 'DAGS_FOLDER/simple_dag.py', '--cfg-path', '/tmp/tmpmkx4f6p8']
[2024-04-23T06:58:31.647+0000] {standard_task_runner.py:91} INFO - Job 71: Subtask echo
[2024-04-23T06:58:31.686+0000] {task_command.py:426} INFO - Running <TaskInstance: HauVT12_DAG_01.echo scheduled__2022-08-02T00:00:00+00:00 [running]> on host 5b67617f63bb
[2024-04-23T06:58:31.755+0000] {taskinstance.py:2644} INFO - Exporting env vars: AIRFLOW_CTX_DAG_EMAIL='thanhhau217@gmail.com' AIRFLOW_CTX_DAG_OWNER='airflow' AIRFLOW_CTX_DAG_ID='HauVT12_DAG_01' AIRFLOW_CTX_TASK_ID='echo' AIRFLOW_CTX_EXECUTION_DATE='2022-08-02T00:00:00+00:00' AIRFLOW_CTX_TRY_NUMBER='1' AIRFLOW_CTX_DAG_RUN_ID='scheduled__2022-08-02T00:00:00+00:00'
[2024-04-23T06:58:31.756+0000] {taskinstance.py:430} INFO - ::endgroup::
[2024-04-23T06:58:31.768+0000] {subprocess.py:63} INFO - Tmp dir root location: /tmp
[2024-04-23T06:58:31.768+0000] {subprocess.py:75} INFO - Running command: ['/usr/bin/bash', '-c', 'echo task 3 running']
[2024-04-23T06:58:31.775+0000] {subprocess.py:86} INFO - Output:
[2024-04-23T06:58:31.777+0000] {subprocess.py:93} INFO - task 3 running
[2024-04-23T06:58:31.777+0000] {subprocess.py:97} INFO - Command exited with return code 0
[2024-04-23T06:58:31.777+0000] {taskinstance.py:441} INFO - ::group::Post task execution logs
[2024-04-23T06:58:31.802+0000] {taskinstance.py:1205} INFO - Marking task as SUCCESS. dag_id=HauVT12_DAG_01, task_id=echo, execution_date=20220802T000000, start_date=20240423T065831, end_date=20240423T065831
[2024-04-23T06:58:31.859+0000] {local_task_job_runner.py:240} INFO - Task exited with return code 0
[2024-04-23T06:58:31.874+0000] {taskinstance.py:3482} INFO - 0 downstream tasks scheduled from follow-on schedule check
[2024-04-23T06:58:31.874+0000] {local_task_job_runner.py:222} INFO - ::endgroup::
