[2024-04-23T06:58:11.307+0000] {local_task_job_runner.py:120} INFO - ::group::Pre task execution logs
[2024-04-23T06:58:11.329+0000] {taskinstance.py:2073} INFO - Dependencies all met for dep_context=non-requeueable deps ti=<TaskInstance: HauVT12_DAG_01.echo scheduled__2022-07-26T00:00:00+00:00 [queued]>
[2024-04-23T06:58:11.415+0000] {taskinstance.py:2073} INFO - Dependencies all met for dep_context=requeueable deps ti=<TaskInstance: HauVT12_DAG_01.echo scheduled__2022-07-26T00:00:00+00:00 [queued]>
[2024-04-23T06:58:11.415+0000] {taskinstance.py:2303} INFO - Starting attempt 1 of 2
[2024-04-23T06:58:11.434+0000] {taskinstance.py:2327} INFO - Executing <Task(BashOperator): echo> on 2022-07-26 00:00:00+00:00
[2024-04-23T06:58:11.438+0000] {standard_task_runner.py:63} INFO - Started process 3728 to run task
[2024-04-23T06:58:11.439+0000] {standard_task_runner.py:90} INFO - Running: ['airflow', 'tasks', 'run', 'HauVT12_DAG_01', 'echo', 'scheduled__2022-07-26T00:00:00+00:00', '--job-id', '64', '--raw', '--subdir', 'DAGS_FOLDER/simple_dag.py', '--cfg-path', '/tmp/tmppmruk802']
[2024-04-23T06:58:11.440+0000] {standard_task_runner.py:91} INFO - Job 64: Subtask echo
[2024-04-23T06:58:11.479+0000] {task_command.py:426} INFO - Running <TaskInstance: HauVT12_DAG_01.echo scheduled__2022-07-26T00:00:00+00:00 [running]> on host 5b67617f63bb
[2024-04-23T06:58:11.552+0000] {taskinstance.py:2644} INFO - Exporting env vars: AIRFLOW_CTX_DAG_EMAIL='thanhhau217@gmail.com' AIRFLOW_CTX_DAG_OWNER='airflow' AIRFLOW_CTX_DAG_ID='HauVT12_DAG_01' AIRFLOW_CTX_TASK_ID='echo' AIRFLOW_CTX_EXECUTION_DATE='2022-07-26T00:00:00+00:00' AIRFLOW_CTX_TRY_NUMBER='1' AIRFLOW_CTX_DAG_RUN_ID='scheduled__2022-07-26T00:00:00+00:00'
[2024-04-23T06:58:11.553+0000] {taskinstance.py:430} INFO - ::endgroup::
[2024-04-23T06:58:11.563+0000] {subprocess.py:63} INFO - Tmp dir root location: /tmp
[2024-04-23T06:58:11.564+0000] {subprocess.py:75} INFO - Running command: ['/usr/bin/bash', '-c', 'echo task 3 running']
[2024-04-23T06:58:11.569+0000] {subprocess.py:86} INFO - Output:
[2024-04-23T06:58:11.571+0000] {subprocess.py:93} INFO - task 3 running
[2024-04-23T06:58:11.571+0000] {subprocess.py:97} INFO - Command exited with return code 0
[2024-04-23T06:58:11.572+0000] {taskinstance.py:441} INFO - ::group::Post task execution logs
[2024-04-23T06:58:11.597+0000] {taskinstance.py:1205} INFO - Marking task as SUCCESS. dag_id=HauVT12_DAG_01, task_id=echo, execution_date=20220726T000000, start_date=20240423T065811, end_date=20240423T065811
[2024-04-23T06:58:11.653+0000] {local_task_job_runner.py:240} INFO - Task exited with return code 0
[2024-04-23T06:58:11.667+0000] {taskinstance.py:3482} INFO - 0 downstream tasks scheduled from follow-on schedule check
[2024-04-23T06:58:11.668+0000] {local_task_job_runner.py:222} INFO - ::endgroup::
