[2024-04-23T06:58:44.560+0000] {local_task_job_runner.py:120} INFO - ::group::Pre task execution logs
[2024-04-23T06:58:44.582+0000] {taskinstance.py:2073} INFO - Dependencies all met for dep_context=non-requeueable deps ti=<TaskInstance: HauVT12_DAG_01.print_date manual__2024-04-23T06:54:58.595264+00:00 [queued]>
[2024-04-23T06:58:44.669+0000] {taskinstance.py:2073} INFO - Dependencies all met for dep_context=requeueable deps ti=<TaskInstance: HauVT12_DAG_01.print_date manual__2024-04-23T06:54:58.595264+00:00 [queued]>
[2024-04-23T06:58:44.669+0000] {taskinstance.py:2303} INFO - Starting attempt 1 of 2
[2024-04-23T06:58:44.690+0000] {taskinstance.py:2327} INFO - Executing <Task(BashOperator): print_date> on 2024-04-23 06:54:58.595264+00:00
[2024-04-23T06:58:44.693+0000] {standard_task_runner.py:63} INFO - Started process 3928 to run task
[2024-04-23T06:58:44.694+0000] {standard_task_runner.py:90} INFO - Running: ['airflow', 'tasks', 'run', 'HauVT12_DAG_01', 'print_date', 'manual__2024-04-23T06:54:58.595264+00:00', '--job-id', '75', '--raw', '--subdir', 'DAGS_FOLDER/simple_dag.py', '--cfg-path', '/tmp/tmppjk9zpce']
[2024-04-23T06:58:44.695+0000] {standard_task_runner.py:91} INFO - Job 75: Subtask print_date
[2024-04-23T06:58:44.733+0000] {task_command.py:426} INFO - Running <TaskInstance: HauVT12_DAG_01.print_date manual__2024-04-23T06:54:58.595264+00:00 [running]> on host 5b67617f63bb
[2024-04-23T06:58:44.810+0000] {taskinstance.py:2644} INFO - Exporting env vars: AIRFLOW_CTX_DAG_EMAIL='thanhhau217@gmail.com' AIRFLOW_CTX_DAG_OWNER='airflow' AIRFLOW_CTX_DAG_ID='HauVT12_DAG_01' AIRFLOW_CTX_TASK_ID='print_date' AIRFLOW_CTX_EXECUTION_DATE='2024-04-23T06:54:58.595264+00:00' AIRFLOW_CTX_TRY_NUMBER='1' AIRFLOW_CTX_DAG_RUN_ID='manual__2024-04-23T06:54:58.595264+00:00'
[2024-04-23T06:58:44.810+0000] {taskinstance.py:430} INFO - ::endgroup::
[2024-04-23T06:58:44.820+0000] {subprocess.py:63} INFO - Tmp dir root location: /tmp
[2024-04-23T06:58:44.821+0000] {subprocess.py:75} INFO - Running command: ['/usr/bin/bash', '-c', 'date > /tmp/date.txt']
[2024-04-23T06:58:44.827+0000] {subprocess.py:86} INFO - Output:
[2024-04-23T06:58:44.830+0000] {subprocess.py:97} INFO - Command exited with return code 0
[2024-04-23T06:58:44.831+0000] {taskinstance.py:441} INFO - ::group::Post task execution logs
[2024-04-23T06:58:44.857+0000] {taskinstance.py:1205} INFO - Marking task as SUCCESS. dag_id=HauVT12_DAG_01, task_id=print_date, execution_date=20240423T065458, start_date=20240423T065844, end_date=20240423T065844
[2024-04-23T06:58:44.907+0000] {local_task_job_runner.py:240} INFO - Task exited with return code 0
[2024-04-23T06:58:44.931+0000] {taskinstance.py:3482} INFO - 1 downstream tasks scheduled from follow-on schedule check
[2024-04-23T06:58:44.936+0000] {local_task_job_runner.py:222} INFO - ::endgroup::
