[2024-04-23T06:57:59.816+0000] {local_task_job_runner.py:120} INFO - ::group::Pre task execution logs
[2024-04-23T06:57:59.841+0000] {taskinstance.py:2073} INFO - Dependencies all met for dep_context=non-requeueable deps ti=<TaskInstance: HauVT12_DAG_01.echo scheduled__2022-07-22T00:00:00+00:00 [queued]>
[2024-04-23T06:57:59.849+0000] {taskinstance.py:2073} INFO - Dependencies all met for dep_context=requeueable deps ti=<TaskInstance: HauVT12_DAG_01.echo scheduled__2022-07-22T00:00:00+00:00 [queued]>
[2024-04-23T06:57:59.849+0000] {taskinstance.py:2303} INFO - Starting attempt 1 of 2
[2024-04-23T06:57:59.948+0000] {taskinstance.py:2327} INFO - Executing <Task(BashOperator): echo> on 2022-07-22 00:00:00+00:00
[2024-04-23T06:57:59.952+0000] {standard_task_runner.py:63} INFO - Started process 3656 to run task
[2024-04-23T06:57:59.953+0000] {standard_task_runner.py:90} INFO - Running: ['airflow', 'tasks', 'run', 'HauVT12_DAG_01', 'echo', 'scheduled__2022-07-22T00:00:00+00:00', '--job-id', '60', '--raw', '--subdir', 'DAGS_FOLDER/simple_dag.py', '--cfg-path', '/tmp/tmpkinuxh1g']
[2024-04-23T06:57:59.954+0000] {standard_task_runner.py:91} INFO - Job 60: Subtask echo
[2024-04-23T06:57:59.993+0000] {task_command.py:426} INFO - Running <TaskInstance: HauVT12_DAG_01.echo scheduled__2022-07-22T00:00:00+00:00 [running]> on host 5b67617f63bb
[2024-04-23T06:58:00.062+0000] {taskinstance.py:2644} INFO - Exporting env vars: AIRFLOW_CTX_DAG_EMAIL='thanhhau217@gmail.com' AIRFLOW_CTX_DAG_OWNER='airflow' AIRFLOW_CTX_DAG_ID='HauVT12_DAG_01' AIRFLOW_CTX_TASK_ID='echo' AIRFLOW_CTX_EXECUTION_DATE='2022-07-22T00:00:00+00:00' AIRFLOW_CTX_TRY_NUMBER='1' AIRFLOW_CTX_DAG_RUN_ID='scheduled__2022-07-22T00:00:00+00:00'
[2024-04-23T06:58:00.063+0000] {taskinstance.py:430} INFO - ::endgroup::
[2024-04-23T06:58:00.075+0000] {subprocess.py:63} INFO - Tmp dir root location: /tmp
[2024-04-23T06:58:00.076+0000] {subprocess.py:75} INFO - Running command: ['/usr/bin/bash', '-c', 'echo task 3 running']
[2024-04-23T06:58:00.081+0000] {subprocess.py:86} INFO - Output:
[2024-04-23T06:58:00.083+0000] {subprocess.py:93} INFO - task 3 running
[2024-04-23T06:58:00.083+0000] {subprocess.py:97} INFO - Command exited with return code 0
[2024-04-23T06:58:00.084+0000] {taskinstance.py:441} INFO - ::group::Post task execution logs
[2024-04-23T06:58:00.108+0000] {taskinstance.py:1205} INFO - Marking task as SUCCESS. dag_id=HauVT12_DAG_01, task_id=echo, execution_date=20220722T000000, start_date=20240423T065759, end_date=20240423T065800
[2024-04-23T06:58:00.166+0000] {local_task_job_runner.py:240} INFO - Task exited with return code 0
[2024-04-23T06:58:00.178+0000] {taskinstance.py:3482} INFO - 0 downstream tasks scheduled from follow-on schedule check
[2024-04-23T06:58:00.179+0000] {local_task_job_runner.py:222} INFO - ::endgroup::
